{"/home/nil/IdeaProjects/zeitodo-frontend/src/components/HelloWorld.vue": {"path":"/home/nil/IdeaProjects/zeitodo-frontend/src/components/HelloWorld.vue","statementMap":{"0":{"start":{"line":1,"column":0},"end":{"line":1,"column":null}}},"fnMap":{"0":{"name":"(anonymous_1)","decl":{"start":{"line":1,"column":0},"end":{"line":1,"column":null}},"loc":{"start":{"line":1,"column":0},"end":{"line":1,"column":null}}}},"branchMap":{},"s":{"0":6},"f":{"0":1},"b":{}}
,"/home/nil/IdeaProjects/zeitodo-frontend/src/components/LoginDialog.vue": {"path":"/home/nil/IdeaProjects/zeitodo-frontend/src/components/LoginDialog.vue","statementMap":{"0":{"start":{"line":1,"column":0},"end":{"line":1,"column":null}}},"fnMap":{"0":{"name":"(anonymous_0)","decl":{"start":{"line":1,"column":0},"end":{"line":1,"column":null}},"loc":{"start":{"line":1,"column":0},"end":{"line":1,"column":null}}}},"branchMap":{},"s":{"0":18},"f":{"0":5},"b":{}}
,"/home/nil/IdeaProjects/zeitodo-frontend/src/services/userService.js": {"path":"/home/nil/IdeaProjects/zeitodo-frontend/src/services/userService.js","statementMap":{"0":{"start":{"line":12,"column":26},"end":{"line":12,"column":70}},"1":{"start":{"line":13,"column":8},"end":{"line":13,"column":63}}},"fnMap":{"0":{"name":"(anonymous_0)","decl":{"start":{"line":11,"column":4},"end":{"line":11,"column":5}},"loc":{"start":{"line":11,"column":39},"end":{"line":15,"column":5}},"line":11}},"branchMap":{},"s":{"0":2,"1":2},"f":{"0":2},"b":{},"_coverageSchema":"1a1c01bbd47fc00a2c39e90264f33305004495a9","hash":"f5583e6f15de18915ecb18cddb47eaa3ce7d24f3"}
}
