{"/home/nil/IdeaProjects/zeitodo-frontend/src/services/userService.js": {"path":"/home/nil/IdeaProjects/zeitodo-frontend/src/services/userService.js","statementMap":{"0":{"start":{"line":12,"column":8},"end":{"line":17,"column":10}},"1":{"start":{"line":13,"column":30},"end":{"line":13,"column":70}},"2":{"start":{"line":14,"column":12},"end":{"line":16,"column":43}},"3":{"start":{"line":15,"column":34},"end":{"line":15,"column":52}},"4":{"start":{"line":16,"column":32},"end":{"line":16,"column":42}}},"fnMap":{"0":{"name":"(anonymous_0)","decl":{"start":{"line":11,"column":4},"end":{"line":11,"column":5}},"loc":{"start":{"line":11,"column":39},"end":{"line":19,"column":5}},"line":11},"1":{"name":"(anonymous_1)","decl":{"start":{"line":12,"column":27},"end":{"line":12,"column":28}},"loc":{"start":{"line":12,"column":38},"end":{"line":17,"column":9}},"line":12},"2":{"name":"(anonymous_2)","decl":{"start":{"line":15,"column":22},"end":{"line":15,"column":23}},"loc":{"start":{"line":15,"column":34},"end":{"line":15,"column":52}},"line":15},"3":{"name":"(anonymous_3)","decl":{"start":{"line":16,"column":23},"end":{"line":16,"column":24}},"loc":{"start":{"line":16,"column":32},"end":{"line":16,"column":42}},"line":16}},"branchMap":{},"s":{"0":1,"1":1,"2":1,"3":1,"4":0},"f":{"0":1,"1":1,"2":1,"3":0},"b":{},"_coverageSchema":"1a1c01bbd47fc00a2c39e90264f33305004495a9","hash":"14160da12d2b6a789679d09a96fb8b524448141a"}
}
